{"/Users/admin/Documents/Industrialisation/TPs/ReactNativeSample/index.android.js": {"path":"/Users/admin/Documents/Industrialisation/TPs/ReactNativeSample/index.android.js","statementMap":{"0":{"start":{"line":8,"column":0},"end":{"line":8,"column":118}},"1":{"start":{"line":12,"column":2},"end":{"line":14,"column":4}},"2":{"start":{"line":17,"column":0},"end":{"line":17,"column":76}},"3":{"start":{"line":17,"column":57},"end":{"line":17,"column":74}}},"fnMap":{"0":{"name":"ReactNativeSample","decl":{"start":{"line":11,"column":24},"end":{"line":11,"column":41}},"loc":{"start":{"line":11,"column":44},"end":{"line":15,"column":1}},"line":11},"1":{"name":"(anonymous_1)","decl":{"start":{"line":17,"column":51},"end":{"line":17,"column":52}},"loc":{"start":{"line":17,"column":57},"end":{"line":17,"column":74}},"line":17}},"branchMap":{},"s":{"0":1,"1":1,"2":1,"3":0},"f":{"0":1,"1":0},"b":{},"_coverageSchema":"332fd63041d2c1bcb487cc26dd0d5f7d97098a6c","hash":"22fb72947ff10ae03e0a5087ca38d2f285e5d322"}
,"/Users/admin/Documents/Industrialisation/TPs/ReactNativeSample/index.ios.js": {"path":"/Users/admin/Documents/Industrialisation/TPs/ReactNativeSample/index.ios.js","statementMap":{"0":{"start":{"line":8,"column":0},"end":{"line":8,"column":118}},"1":{"start":{"line":12,"column":2},"end":{"line":14,"column":4}},"2":{"start":{"line":17,"column":0},"end":{"line":17,"column":76}},"3":{"start":{"line":17,"column":57},"end":{"line":17,"column":74}}},"fnMap":{"0":{"name":"ReactNativeSample","decl":{"start":{"line":11,"column":24},"end":{"line":11,"column":41}},"loc":{"start":{"line":11,"column":44},"end":{"line":15,"column":1}},"line":11},"1":{"name":"(anonymous_1)","decl":{"start":{"line":17,"column":51},"end":{"line":17,"column":52}},"loc":{"start":{"line":17,"column":57},"end":{"line":17,"column":74}},"line":17}},"branchMap":{},"s":{"0":1,"1":1,"2":1,"3":0},"f":{"0":1,"1":0},"b":{},"_coverageSchema":"332fd63041d2c1bcb487cc26dd0d5f7d97098a6c","hash":"561d329e21ff8ec3789aba475b66f597c66dfad4"}
,"/Users/admin/Documents/Industrialisation/TPs/ReactNativeSample/config/jest/setup-files/index.js": {"path":"/Users/admin/Documents/Industrialisation/TPs/ReactNativeSample/config/jest/setup-files/index.js","statementMap":{"0":{"start":{"line":15,"column":0},"end":{"line":21,"column":4}},"1":{"start":{"line":15,"column":28},"end":{"line":21,"column":1}},"2":{"start":{"line":20,"column":55},"end":{"line":20,"column":77}},"3":{"start":{"line":24,"column":0},"end":{"line":30,"column":3}},"4":{"start":{"line":25,"column":24},"end":{"line":25,"column":59}},"5":{"start":{"line":29,"column":2},"end":{"line":29,"column":20}},"6":{"start":{"line":35,"column":0},"end":{"line":35,"column":25}},"7":{"start":{"line":41,"column":0},"end":{"line":45,"column":2}},"8":{"start":{"line":42,"column":2},"end":{"line":44,"column":4}},"9":{"start":{"line":43,"column":10},"end":{"line":43,"column":72}},"10":{"start":{"line":43,"column":48},"end":{"line":43,"column":69}},"11":{"start":{"line":52,"column":0},"end":{"line":68,"column":2}},"12":{"start":{"line":53,"column":2},"end":{"line":67,"column":4}},"13":{"start":{"line":55,"column":6},"end":{"line":58,"column":7}},"14":{"start":{"line":57,"column":8},"end":{"line":57,"column":24}},"15":{"start":{"line":59,"column":6},"end":{"line":65,"column":9}},"16":{"start":{"line":64,"column":20},"end":{"line":64,"column":41}},"17":{"start":{"line":73,"column":0},"end":{"line":77,"column":2}},"18":{"start":{"line":74,"column":2},"end":{"line":76,"column":4}},"19":{"start":{"line":75,"column":10},"end":{"line":75,"column":31}}},"fnMap":{"0":{"name":"(anonymous_0)","decl":{"start":{"line":15,"column":21},"end":{"line":15,"column":22}},"loc":{"start":{"line":15,"column":28},"end":{"line":21,"column":1}},"line":15},"1":{"name":"(anonymous_1)","decl":{"start":{"line":20,"column":46},"end":{"line":20,"column":47}},"loc":{"start":{"line":20,"column":55},"end":{"line":20,"column":77}},"line":20},"2":{"name":"(anonymous_2)","decl":{"start":{"line":24,"column":24},"end":{"line":24,"column":25}},"loc":{"start":{"line":24,"column":30},"end":{"line":30,"column":1}},"line":24},"3":{"name":"(anonymous_3)","decl":{"start":{"line":27,"column":15},"end":{"line":27,"column":16}},"loc":{"start":{"line":27,"column":21},"end":{"line":27,"column":23}},"line":27},"4":{"name":"(anonymous_4)","decl":{"start":{"line":41,"column":35},"end":{"line":41,"column":36}},"loc":{"start":{"line":41,"column":64},"end":{"line":45,"column":1}},"line":41},"5":{"name":"(anonymous_5)","decl":{"start":{"line":43,"column":4},"end":{"line":43,"column":5}},"loc":{"start":{"line":43,"column":10},"end":{"line":43,"column":72}},"line":43},"6":{"name":"(anonymous_6)","decl":{"start":{"line":43,"column":42},"end":{"line":43,"column":43}},"loc":{"start":{"line":43,"column":48},"end":{"line":43,"column":69}},"line":43},"7":{"name":"(anonymous_7)","decl":{"start":{"line":52,"column":46},"end":{"line":52,"column":47}},"loc":{"start":{"line":52,"column":89},"end":{"line":68,"column":1}},"line":52},"8":{"name":"(anonymous_8)","decl":{"start":{"line":54,"column":4},"end":{"line":54,"column":5}},"loc":{"start":{"line":54,"column":10},"end":{"line":66,"column":5}},"line":54},"9":{"name":"(anonymous_9)","decl":{"start":{"line":64,"column":14},"end":{"line":64,"column":15}},"loc":{"start":{"line":64,"column":20},"end":{"line":64,"column":41}},"line":64},"10":{"name":"(anonymous_10)","decl":{"start":{"line":73,"column":35},"end":{"line":73,"column":36}},"loc":{"start":{"line":73,"column":46},"end":{"line":77,"column":1}},"line":73},"11":{"name":"(anonymous_11)","decl":{"start":{"line":75,"column":4},"end":{"line":75,"column":5}},"loc":{"start":{"line":75,"column":10},"end":{"line":75,"column":31}},"line":75}},"branchMap":{"0":{"loc":{"start":{"line":41,"column":36},"end":{"line":41,"column":45}},"type":"default-arg","locations":[{"start":{"line":41,"column":43},"end":{"line":41,"column":45}}],"line":41},"1":{"loc":{"start":{"line":41,"column":47},"end":{"line":41,"column":59}},"type":"default-arg","locations":[{"start":{"line":41,"column":56},"end":{"line":41,"column":59}}],"line":41},"2":{"loc":{"start":{"line":52,"column":47},"end":{"line":52,"column":56}},"type":"default-arg","locations":[{"start":{"line":52,"column":54},"end":{"line":52,"column":56}}],"line":52},"3":{"loc":{"start":{"line":52,"column":58},"end":{"line":52,"column":70}},"type":"default-arg","locations":[{"start":{"line":52,"column":68},"end":{"line":52,"column":70}}],"line":52},"4":{"loc":{"start":{"line":52,"column":72},"end":{"line":52,"column":84}},"type":"default-arg","locations":[{"start":{"line":52,"column":81},"end":{"line":52,"column":84}}],"line":52},"5":{"loc":{"start":{"line":55,"column":6},"end":{"line":58,"column":7}},"type":"if","locations":[{"start":{"line":55,"column":6},"end":{"line":58,"column":7}},{"start":{"line":55,"column":6},"end":{"line":58,"column":7}}],"line":55}},"s":{"0":3,"1":2,"2":2,"3":3,"4":0,"5":0,"6":3,"7":3,"8":0,"9":0,"10":0,"11":3,"12":0,"13":0,"14":0,"15":0,"16":0,"17":3,"18":0,"19":0},"f":{"0":2,"1":2,"2":0,"3":0,"4":0,"5":0,"6":0,"7":0,"8":0,"9":0,"10":0,"11":0},"b":{"0":[0],"1":[0],"2":[0],"3":[0],"4":[0],"5":[0,0]},"_coverageSchema":"332fd63041d2c1bcb487cc26dd0d5f7d97098a6c","hash":"c1bc19d82fc8d7ec8cb0de0264847072f3f46359"}
,"/Users/admin/Documents/Industrialisation/TPs/ReactNativeSample/src/NavigationContainer.js": {"path":"/Users/admin/Documents/Industrialisation/TPs/ReactNativeSample/src/NavigationContainer.js","statementMap":{"0":{"start":{"line":9,"column":29},"end":{"line":9,"column":31}},"1":{"start":{"line":11,"column":0},"end":{"line":13,"column":2}},"2":{"start":{"line":15,"column":0},"end":{"line":17,"column":2}},"3":{"start":{"line":19,"column":0},"end":{"line":21,"column":2}},"4":{"start":{"line":23,"column":0},"end":{"line":25,"column":2}},"5":{"start":{"line":27,"column":29},"end":{"line":29,"column":2}},"6":{"start":{"line":31,"column":21},"end":{"line":31,"column":45}}},"fnMap":{"0":{"name":"(anonymous_0)","decl":{"start":{"line":31,"column":15},"end":{"line":31,"column":16}},"loc":{"start":{"line":31,"column":21},"end":{"line":31,"column":45}},"line":31}},"branchMap":{},"s":{"0":2,"1":2,"2":2,"3":2,"4":2,"5":2,"6":2},"f":{"0":2},"b":{},"_coverageSchema":"332fd63041d2c1bcb487cc26dd0d5f7d97098a6c","hash":"8f2a78181939dfd79e0ee35a1986288fb0630880"}
,"/Users/admin/Documents/Industrialisation/TPs/ReactNativeSample/src/components/Greeting.js": {"path":"/Users/admin/Documents/Industrialisation/TPs/ReactNativeSample/src/components/Greeting.js","statementMap":{"0":{"start":{"line":4,"column":15},"end":{"line":8,"column":2}},"1":{"start":{"line":11,"column":17},"end":{"line":11,"column":38}},"2":{"start":{"line":12,"column":2},"end":{"line":26,"column":4}},"3":{"start":{"line":18,"column":12},"end":{"line":20,"column":15}},"4":{"start":{"line":29,"column":0},"end":{"line":31,"column":2}},"5":{"start":{"line":33,"column":0},"end":{"line":36,"column":2}}},"fnMap":{"0":{"name":"Greeting","decl":{"start":{"line":10,"column":24},"end":{"line":10,"column":32}},"loc":{"start":{"line":10,"column":40},"end":{"line":27,"column":1}},"line":10},"1":{"name":"(anonymous_1)","decl":{"start":{"line":17,"column":19},"end":{"line":17,"column":20}},"loc":{"start":{"line":17,"column":25},"end":{"line":21,"column":11}},"line":17}},"branchMap":{},"s":{"0":2,"1":0,"2":0,"3":0,"4":2,"5":2},"f":{"0":0,"1":0},"b":{},"_coverageSchema":"332fd63041d2c1bcb487cc26dd0d5f7d97098a6c","hash":"ae21b7533a238be9776536304217f07357a27dcb"}
,"/Users/admin/Documents/Industrialisation/TPs/ReactNativeSample/src/components/GreetingsList.js": {"path":"/Users/admin/Documents/Industrialisation/TPs/ReactNativeSample/src/components/GreetingsList.js","statementMap":{"0":{"start":{"line":10,"column":4},"end":{"line":10,"column":54}},"1":{"start":{"line":14,"column":22},"end":{"line":19,"column":10}},"2":{"start":{"line":15,"column":6},"end":{"line":19,"column":8}},"3":{"start":{"line":20,"column":18},"end":{"line":20,"column":42}},"4":{"start":{"line":22,"column":4},"end":{"line":26,"column":6}},"5":{"start":{"line":30,"column":0},"end":{"line":32,"column":2}},"6":{"start":{"line":34,"column":0},"end":{"line":36,"column":2}}},"fnMap":{"0":{"name":"(anonymous_0)","decl":{"start":{"line":9,"column":2},"end":{"line":9,"column":3}},"loc":{"start":{"line":9,"column":31},"end":{"line":11,"column":3}},"line":9},"1":{"name":"(anonymous_1)","decl":{"start":{"line":13,"column":2},"end":{"line":13,"column":3}},"loc":{"start":{"line":13,"column":11},"end":{"line":27,"column":3}},"line":13},"2":{"name":"(anonymous_2)","decl":{"start":{"line":14,"column":46},"end":{"line":14,"column":47}},"loc":{"start":{"line":15,"column":6},"end":{"line":19,"column":8}},"line":15}},"branchMap":{},"s":{"0":0,"1":0,"2":0,"3":0,"4":0,"5":2,"6":2},"f":{"0":0,"1":0,"2":0},"b":{},"_coverageSchema":"332fd63041d2c1bcb487cc26dd0d5f7d97098a6c","hash":"ae4f66ca17a3186d66825208d70daca6e8e4b32a"}
,"/Users/admin/Documents/Industrialisation/TPs/ReactNativeSample/src/components/Info.ios.js": {"path":"/Users/admin/Documents/Industrialisation/TPs/ReactNativeSample/src/components/Info.ios.js","statementMap":{"0":{"start":{"line":4,"column":24},"end":{"line":4,"column":33}},"1":{"start":{"line":5,"column":26},"end":{"line":5,"column":35}},"2":{"start":{"line":6,"column":15},"end":{"line":23,"column":2}},"3":{"start":{"line":26,"column":2},"end":{"line":39,"column":4}}},"fnMap":{"0":{"name":"Info","decl":{"start":{"line":25,"column":24},"end":{"line":25,"column":28}},"loc":{"start":{"line":25,"column":31},"end":{"line":40,"column":1}},"line":25}},"branchMap":{},"s":{"0":2,"1":2,"2":2,"3":0},"f":{"0":0},"b":{},"_coverageSchema":"332fd63041d2c1bcb487cc26dd0d5f7d97098a6c","hash":"749ac0435d0cdfb25e7411ede61a90bc17f3cd81"}
,"/Users/admin/Documents/Industrialisation/TPs/ReactNativeSample/src/components/SampleJsx.js": {"path":"/Users/admin/Documents/Industrialisation/TPs/ReactNativeSample/src/components/SampleJsx.js","statementMap":{"0":{"start":{"line":4,"column":20},"end":{"line":4,"column":51}},"1":{"start":{"line":5,"column":17},"end":{"line":5,"column":48}},"2":{"start":{"line":6,"column":17},"end":{"line":6,"column":48}},"3":{"start":{"line":7,"column":17},"end":{"line":7,"column":48}},"4":{"start":{"line":11,"column":4},"end":{"line":11,"column":34}},"5":{"start":{"line":14,"column":17},"end":{"line":21,"column":3}},"6":{"start":{"line":23,"column":2},"end":{"line":28,"column":4}}},"fnMap":{"0":{"name":"SampleJsx","decl":{"start":{"line":9,"column":24},"end":{"line":9,"column":33}},"loc":{"start":{"line":9,"column":36},"end":{"line":29,"column":1}},"line":9}},"branchMap":{},"s":{"0":2,"1":2,"2":2,"3":2,"4":0,"5":0,"6":0},"f":{"0":0},"b":{},"_coverageSchema":"332fd63041d2c1bcb487cc26dd0d5f7d97098a6c","hash":"fe25960fca96bfc13435a21438e37df69abee3bc"}
,"/Users/admin/Documents/Industrialisation/TPs/ReactNativeSample/src/components/SampleState.js": {"path":"/Users/admin/Documents/Industrialisation/TPs/ReactNativeSample/src/components/SampleState.js","statementMap":{"0":{"start":{"line":4,"column":17},"end":{"line":4,"column":48}},"1":{"start":{"line":5,"column":17},"end":{"line":5,"column":48}},"2":{"start":{"line":6,"column":17},"end":{"line":6,"column":48}},"3":{"start":{"line":8,"column":13},"end":{"line":12,"column":1}},"4":{"start":{"line":14,"column":23},"end":{"line":14,"column":27}},"5":{"start":{"line":19,"column":4},"end":{"line":22,"column":7}},"6":{"start":{"line":26,"column":4},"end":{"line":26,"column":17}},"7":{"start":{"line":28,"column":4},"end":{"line":30,"column":6}},"8":{"start":{"line":32,"column":4},"end":{"line":32,"column":25}},"9":{"start":{"line":36,"column":4},"end":{"line":40,"column":6}},"10":{"start":{"line":44,"column":4},"end":{"line":49,"column":23}},"11":{"start":{"line":45,"column":16},"end":{"line":45,"column":39}},"12":{"start":{"line":46,"column":6},"end":{"line":46,"column":54}},"13":{"start":{"line":48,"column":6},"end":{"line":48,"column":43}},"14":{"start":{"line":53,"column":18},"end":{"line":53,"column":33}},"15":{"start":{"line":54,"column":4},"end":{"line":58,"column":6}}},"fnMap":{"0":{"name":"(anonymous_0)","decl":{"start":{"line":18,"column":2},"end":{"line":18,"column":3}},"loc":{"start":{"line":18,"column":25},"end":{"line":23,"column":3}},"line":18},"1":{"name":"(anonymous_1)","decl":{"start":{"line":25,"column":2},"end":{"line":25,"column":3}},"loc":{"start":{"line":25,"column":21},"end":{"line":33,"column":3}},"line":25},"2":{"name":"(anonymous_2)","decl":{"start":{"line":35,"column":2},"end":{"line":35,"column":3}},"loc":{"start":{"line":35,"column":13},"end":{"line":41,"column":3}},"line":35},"3":{"name":"(anonymous_3)","decl":{"start":{"line":43,"column":2},"end":{"line":43,"column":3}},"loc":{"start":{"line":43,"column":18},"end":{"line":50,"column":3}},"line":43},"4":{"name":"(anonymous_4)","decl":{"start":{"line":44,"column":16},"end":{"line":44,"column":17}},"loc":{"start":{"line":44,"column":22},"end":{"line":49,"column":5}},"line":44},"5":{"name":"(anonymous_5)","decl":{"start":{"line":52,"column":2},"end":{"line":52,"column":3}},"loc":{"start":{"line":52,"column":11},"end":{"line":59,"column":3}},"line":52}},"branchMap":{"0":{"loc":{"start":{"line":46,"column":12},"end":{"line":46,"column":53}},"type":"cond-expr","locations":[{"start":{"line":46,"column":42},"end":{"line":46,"column":43}},{"start":{"line":46,"column":46},"end":{"line":46,"column":53}}],"line":46}},"s":{"0":2,"1":2,"2":2,"3":2,"4":2,"5":0,"6":0,"7":0,"8":0,"9":0,"10":0,"11":0,"12":0,"13":0,"14":0,"15":0},"f":{"0":0,"1":0,"2":0,"3":0,"4":0,"5":0},"b":{"0":[0,0]},"_coverageSchema":"332fd63041d2c1bcb487cc26dd0d5f7d97098a6c","hash":"319e339a53ed07c76f2359e45c9438e06d51b081"}
,"/Users/admin/Documents/Industrialisation/TPs/ReactNativeSample/src/helpers/math.helper.js": {"path":"/Users/admin/Documents/Industrialisation/TPs/ReactNativeSample/src/helpers/math.helper.js","statementMap":{"0":{"start":{"line":4,"column":2},"end":{"line":6,"column":3}},"1":{"start":{"line":5,"column":4},"end":{"line":5,"column":48}},"2":{"start":{"line":8,"column":2},"end":{"line":8,"column":27}},"3":{"start":{"line":12,"column":2},"end":{"line":14,"column":3}},"4":{"start":{"line":13,"column":4},"end":{"line":13,"column":48}},"5":{"start":{"line":16,"column":2},"end":{"line":16,"column":44}}},"fnMap":{"0":{"name":"sum","decl":{"start":{"line":3,"column":16},"end":{"line":3,"column":19}},"loc":{"start":{"line":3,"column":38},"end":{"line":9,"column":1}},"line":3},"1":{"name":"sumAsynchrone","decl":{"start":{"line":11,"column":16},"end":{"line":11,"column":29}},"loc":{"start":{"line":11,"column":48},"end":{"line":17,"column":1}},"line":11}},"branchMap":{"0":{"loc":{"start":{"line":4,"column":2},"end":{"line":6,"column":3}},"type":"if","locations":[{"start":{"line":4,"column":2},"end":{"line":6,"column":3}},{"start":{"line":4,"column":2},"end":{"line":6,"column":3}}],"line":4},"1":{"loc":{"start":{"line":4,"column":6},"end":{"line":4,"column":50}},"type":"binary-expr","locations":[{"start":{"line":4,"column":6},"end":{"line":4,"column":26}},{"start":{"line":4,"column":30},"end":{"line":4,"column":50}}],"line":4},"2":{"loc":{"start":{"line":12,"column":2},"end":{"line":14,"column":3}},"type":"if","locations":[{"start":{"line":12,"column":2},"end":{"line":14,"column":3}},{"start":{"line":12,"column":2},"end":{"line":14,"column":3}}],"line":12},"3":{"loc":{"start":{"line":12,"column":6},"end":{"line":12,"column":50}},"type":"binary-expr","locations":[{"start":{"line":12,"column":6},"end":{"line":12,"column":26}},{"start":{"line":12,"column":30},"end":{"line":12,"column":50}}],"line":12}},"s":{"0":3,"1":1,"2":2,"3":3,"4":1,"5":2},"f":{"0":3,"1":3},"b":{"0":[1,2],"1":[3,2],"2":[1,2],"3":[3,2]},"_coverageSchema":"332fd63041d2c1bcb487cc26dd0d5f7d97098a6c","hash":"a999851e1df2128dd92baf50a962d981aeeea31b"}
,"/Users/admin/Documents/Industrialisation/TPs/ReactNativeSample/src/screens/GreetingsScreen.js": {"path":"/Users/admin/Documents/Industrialisation/TPs/ReactNativeSample/src/screens/GreetingsScreen.js","statementMap":{"0":{"start":{"line":5,"column":36},"end":{"line":5,"column":53}},"1":{"start":{"line":7,"column":19},"end":{"line":7,"column":25}},"2":{"start":{"line":8,"column":15},"end":{"line":24,"column":2}},"3":{"start":{"line":26,"column":20},"end":{"line":26,"column":36}},"4":{"start":{"line":35,"column":4},"end":{"line":35,"column":17}},"5":{"start":{"line":36,"column":4},"end":{"line":43,"column":6}},"6":{"start":{"line":45,"column":4},"end":{"line":45,"column":43}},"7":{"start":{"line":49,"column":4},"end":{"line":51,"column":7}},"8":{"start":{"line":55,"column":4},"end":{"line":71,"column":6}},"9":{"start":{"line":60,"column":34},"end":{"line":60,"column":66}}},"fnMap":{"0":{"name":"(anonymous_0)","decl":{"start":{"line":34,"column":2},"end":{"line":34,"column":3}},"loc":{"start":{"line":34,"column":21},"end":{"line":46,"column":3}},"line":34},"1":{"name":"(anonymous_1)","decl":{"start":{"line":48,"column":2},"end":{"line":48,"column":3}},"loc":{"start":{"line":48,"column":12},"end":{"line":52,"column":3}},"line":48},"2":{"name":"(anonymous_2)","decl":{"start":{"line":54,"column":2},"end":{"line":54,"column":3}},"loc":{"start":{"line":54,"column":11},"end":{"line":72,"column":3}},"line":54},"3":{"name":"(anonymous_3)","decl":{"start":{"line":60,"column":26},"end":{"line":60,"column":27}},"loc":{"start":{"line":60,"column":34},"end":{"line":60,"column":66}},"line":60}},"branchMap":{},"s":{"0":2,"1":2,"2":2,"3":2,"4":0,"5":0,"6":0,"7":0,"8":0,"9":0},"f":{"0":0,"1":0,"2":0,"3":0},"b":{},"_coverageSchema":"332fd63041d2c1bcb487cc26dd0d5f7d97098a6c","hash":"bb874fb164db4cbd9154e8330e02815e28be5536"}
,"/Users/admin/Documents/Industrialisation/TPs/ReactNativeSample/src/screens/HomeScreen.js": {"path":"/Users/admin/Documents/Industrialisation/TPs/ReactNativeSample/src/screens/HomeScreen.js","statementMap":{"0":{"start":{"line":16,"column":31},"end":{"line":16,"column":43}},"1":{"start":{"line":18,"column":15},"end":{"line":22,"column":2}},"2":{"start":{"line":31,"column":4},"end":{"line":31,"column":17}},"3":{"start":{"line":33,"column":4},"end":{"line":33,"column":51}},"4":{"start":{"line":35,"column":4},"end":{"line":35,"column":67}},"5":{"start":{"line":36,"column":4},"end":{"line":36,"column":55}},"6":{"start":{"line":37,"column":4},"end":{"line":37,"column":59}},"7":{"start":{"line":41,"column":4},"end":{"line":41,"column":40}},"8":{"start":{"line":45,"column":4},"end":{"line":45,"column":34}},"9":{"start":{"line":49,"column":4},"end":{"line":49,"column":36}},"10":{"start":{"line":53,"column":4},"end":{"line":77,"column":6}},"11":{"start":{"line":81,"column":0},"end":{"line":83,"column":2}}},"fnMap":{"0":{"name":"(anonymous_0)","decl":{"start":{"line":30,"column":2},"end":{"line":30,"column":3}},"loc":{"start":{"line":30,"column":21},"end":{"line":38,"column":3}},"line":30},"1":{"name":"(anonymous_1)","decl":{"start":{"line":40,"column":2},"end":{"line":40,"column":3}},"loc":{"start":{"line":40,"column":24},"end":{"line":42,"column":3}},"line":40},"2":{"name":"(anonymous_2)","decl":{"start":{"line":44,"column":2},"end":{"line":44,"column":3}},"loc":{"start":{"line":44,"column":18},"end":{"line":46,"column":3}},"line":44},"3":{"name":"(anonymous_3)","decl":{"start":{"line":48,"column":2},"end":{"line":48,"column":3}},"loc":{"start":{"line":48,"column":20},"end":{"line":50,"column":3}},"line":48},"4":{"name":"(anonymous_4)","decl":{"start":{"line":52,"column":2},"end":{"line":52,"column":3}},"loc":{"start":{"line":52,"column":11},"end":{"line":78,"column":3}},"line":52}},"branchMap":{},"s":{"0":2,"1":2,"2":2,"3":2,"4":2,"5":2,"6":2,"7":0,"8":0,"9":0,"10":2,"11":2},"f":{"0":2,"1":0,"2":0,"3":0,"4":2},"b":{},"_coverageSchema":"332fd63041d2c1bcb487cc26dd0d5f7d97098a6c","hash":"bd753b2ecf4f3b080ea355b4141b8a32acd8ff54"}
,"/Users/admin/Documents/Industrialisation/TPs/ReactNativeSample/src/screens/JsxScreen.js": {"path":"/Users/admin/Documents/Industrialisation/TPs/ReactNativeSample/src/screens/JsxScreen.js","statementMap":{"0":{"start":{"line":4,"column":30},"end":{"line":4,"column":41}},"1":{"start":{"line":13,"column":4},"end":{"line":15,"column":6}}},"fnMap":{"0":{"name":"(anonymous_0)","decl":{"start":{"line":12,"column":2},"end":{"line":12,"column":3}},"loc":{"start":{"line":12,"column":11},"end":{"line":16,"column":3}},"line":12}},"branchMap":{},"s":{"0":2,"1":0},"f":{"0":0},"b":{},"_coverageSchema":"332fd63041d2c1bcb487cc26dd0d5f7d97098a6c","hash":"4555d7ed91e65dbe564d3a1403b51506f5a6eb53"}
,"/Users/admin/Documents/Industrialisation/TPs/ReactNativeSample/src/screens/StateScreen.js": {"path":"/Users/admin/Documents/Industrialisation/TPs/ReactNativeSample/src/screens/StateScreen.js","statementMap":{"0":{"start":{"line":4,"column":32},"end":{"line":4,"column":45}},"1":{"start":{"line":13,"column":4},"end":{"line":15,"column":6}}},"fnMap":{"0":{"name":"(anonymous_0)","decl":{"start":{"line":12,"column":2},"end":{"line":12,"column":3}},"loc":{"start":{"line":12,"column":11},"end":{"line":16,"column":3}},"line":12}},"branchMap":{},"s":{"0":2,"1":0},"f":{"0":0},"b":{},"_coverageSchema":"332fd63041d2c1bcb487cc26dd0d5f7d97098a6c","hash":"b8f62c267c926089ccf11d5023abdb7f22e76943"}
}
